[2025-05-28 16:45:08.679] [info] Using configuration file /home/zerrox/.config/waybar/config.jsonc
[2025-05-28 16:45:08.687] [info] Discovered appearance 'dark'
[2025-05-28 16:45:08.687] [info] Using CSS file /home/zerrox/.config/waybar/style.css
[2025-05-28 16:45:08.705] [info] Hyprland IPC starting
[2025-05-28 16:45:08.706] [info] Loading persistent workspaces from Hyprland workspace rules
[2025-05-28 16:45:08.717] [warning] module cpu_text: Unknown module: cpu_text
[2025-05-28 16:45:08.719] [warning] No batteries.
[2025-05-28 16:45:08.919] [info] Bar configured (width: 1849, height: 40) for output: HDMI-A-1
[2025-05-28 16:45:31.897] [info] Bar configured (width: 1904, height: 40) for output: HDMI-A-1
time="2025-05-28T16:47:22+03:00" level=info msg="Starting in resident mode"
time="2025-05-28T16:47:22+03:00" level=info msg="Using style: /home/zerrox/.config/nwg-dock-hyprland/style.css\n"
[2025-05-28 16:49:54.878] [info] Hyprland config reloaded, reinitializing hyprland/workspaces module...
[2025-05-28 16:49:54.883] [info] Loading persistent workspaces from Hyprland workspace rules
[2025-05-28 16:50:25.354] [info] Hyprland config reloaded, reinitializing hyprland/workspaces module...
[2025-05-28 16:50:25.358] [info] Loading persistent workspaces from Hyprland workspace rules
[2025-05-28 16:50:37.681] [info] Hyprland config reloaded, reinitializing hyprland/workspaces module...
[2025-05-28 16:50:37.685] [info] Loading persistent workspaces from Hyprland workspace rules
[2025-05-28 16:50:47.189] [info] Hyprland config reloaded, reinitializing hyprland/workspaces module...
[2025-05-28 16:50:47.193] [info] Loading persistent workspaces from Hyprland workspace rules
[2025-05-28 16:50:58.998] [info] Hyprland config reloaded, reinitializing hyprland/workspaces module...
[2025-05-28 16:50:59.002] [info] Loading persistent workspaces from Hyprland workspace rules
[2025-05-28 16:51:03.569] [info] Hyprland config reloaded, reinitializing hyprland/workspaces module...
[2025-05-28 16:51:03.581] [info] Loading persistent workspaces from Hyprland workspace rules
[2025-05-28 16:51:09.657] [info] Hyprland config reloaded, reinitializing hyprland/workspaces module...
[2025-05-28 16:51:09.661] [info] Loading persistent workspaces from Hyprland workspace rules
[2025-05-28 16:51:12.281] [info] Hyprland config reloaded, reinitializing hyprland/workspaces module...
[2025-05-28 16:51:12.298] [info] Loading persistent workspaces from Hyprland workspace rules
[2025-05-28 16:52:15.996] [info] Hyprland config reloaded, reinitializing hyprland/workspaces module...
[2025-05-28 16:52:16.000] [info] Loading persistent workspaces from Hyprland workspace rules
[2025-05-28 16:52:35.014] [info] Hyprland config reloaded, reinitializing hyprland/workspaces module...
[2025-05-28 16:52:35.032] [info] Loading persistent workspaces from Hyprland workspace rules
