[LOG] Welcome to hyprpaper!
built from commit  ()
[LOG] Cleaned old hyprpaper preloads (1), removing 8.3MB
[LOG] Preloaded target /home/zerrox/Lataukset/wallpaper4.jpg in 65.79ms -> Pixel size: [3840, 2160]
[LOG] Buffer created for target /home/zerrox/Lataukset/wallpaper4.jpg, Shared Memory usage: 8.3MB
[LOG] Total SM usage for all buffers: 8.3MB
[LOG] hyprpaper socket started at /run/user/1000/hypr/9958d297641b5c84dcff93f9039d80a5ad37ab00_1748801514_1404348745/.hyprpaper.sock (fd: 5)
[LOG] configure for HDMI-A-1
[LOG] configure for HDMI-A-1
[LOG] Image data for HDMI-A-1: /home/zerrox/Lataukset/wallpaper4.jpg at [-0.00, 0.00], scale: 0.50 (original image size: [3840, 2160])
[LOG] Submitting viewport dest size 1920x1080 for 56236ef849c0
[LOG] handlePreferredScale: 1.00 for 56236ef849c0
[2025-06-30 03:59:09.865] [info] Using configuration file /home/zerrox/.config/waybar/config.jsonc
[2025-06-30 03:59:09.871] [info] Discovered appearance 'dark'
[2025-06-30 03:59:09.871] [info] Using CSS file /home/zerrox/.config/waybar/style.css
[2025-06-30 03:59:09.877] [info] Hyprland IPC starting
[2025-06-30 03:59:09.877] [info] Loading persistent workspaces from Hyprland workspace rules
[2025-06-30 03:59:09.877] [warning] 'swap-icon-label' must be a bool.
[2025-06-30 03:59:09.881] [warning] module cpu_text: Unknown module: cpu_text
[2025-06-30 03:59:09.882] [warning] No batteries.
Fontconfig warning: using without calling FcInit()
[2025-06-30 03:59:10.043] [info] Bar configured (width: 1920, height: 32) for output: HDMI-A-1

(pavucontrol:388328): Gtk-WARNING **: 04:03:18.569: Unknown key gtk-modules in /home/zerrox/.config/gtk-4.0/settings.ini
Fontconfig warning: using without calling FcInit()
[2025-06-30 04:56:51.406] [info] Hyprland config reloaded, reinitializing hyprland/workspaces module...
[2025-06-30 04:56:51.407] [info] Bar configured (width: 1920, height: 32) for output: HDMI-A-1
[2025-06-30 04:56:51.515] [info] Bar configured (width: 960, height: 32) for output: HDMI-A-1
[2025-06-30 04:56:51.697] [info] Loading persistent workspaces from Hyprland workspace rules
[2025-06-30 04:57:18.641] [info] Hyprland config reloaded, reinitializing hyprland/workspaces module...
[2025-06-30 04:57:18.642] [info] Bar configured (width: 960, height: 32) for output: HDMI-A-1
[2025-06-30 04:57:18.651] [info] Bar configured (width: 1920, height: 32) for output: HDMI-A-1
[2025-06-30 04:57:18.678] [info] Loading persistent workspaces from Hyprland workspace rules
[2025-06-30 05:02:07.430] [info] Hyprland config reloaded, reinitializing hyprland/workspaces module...
[2025-06-30 05:02:07.451] [info] Loading persistent workspaces from Hyprland workspace rules
[2025-06-30 05:03:23.447] [info] Hyprland config reloaded, reinitializing hyprland/workspaces module...
[2025-06-30 05:03:23.451] [info] Loading persistent workspaces from Hyprland workspace rules
[2025-06-30 05:03:44.682] [info] Hyprland config reloaded, reinitializing hyprland/workspaces module...
[2025-06-30 05:03:44.699] [info] Loading persistent workspaces from Hyprland workspace rules
[2025-06-30 05:03:50.837] [info] Hyprland config reloaded, reinitializing hyprland/workspaces module...
[2025-06-30 05:03:50.840] [info] Loading persistent workspaces from Hyprland workspace rules
Gdk-Message: 05:04:26.585: Error reading events from display: Katkennut putki
flag provided but not defined: -zd
Usage of nwg-dock-hyprland:
  -a string
    	Alignment in full width/height: "start", "center" or "end" (default "center")
  -c string
    	Command assigned to the launcher button (default "nwg-drawer")
  -d	auto-hiDe: show dock when hotspot hovered, close when left or a button clicked
  -debug
    	turn on debug messages
  -f	take Full screen width/height
  -g string
    	quote-delimited, space-separated class list to iGnore in the dock
  -hd int
    	Hotspot Delay [ms]; the smaller, the faster mouse pointer needs to enter hotspot for the dock to appear; set 0 to disable (default 20)
  -hl string
    	Hotspot Layer "overlay" or "top" (default "overlay")
  -i int
    	Icon size (default 48)
  -ico string
    	alternative name or path for the launcher ICOn
  -iw string
    	Ignore the running applications on these Workspaces based on the workspace's name or id, e.g. "special,10"
  -l string
    	Layer "overlay", "top" or "bottom" (default "overlay")
  -lp string
    	Launcher button position, 'start' or 'end' (default "end")
  -m	allow Multiple instances of the dock (skip lock file check)
  -mb int
    	Margin Bottom
  -ml int
    	Margin Left
  -mr int
    	Margin Right
  -mt int
    	Margin Top
  -nolauncher
    	don't show the launcher button
  -o string
    	name of Output to display the dock on
  -p string
    	Position: "bottom", "top" "left" or "right" (default "bottom")
  -r	Leave the program resident, but w/o hotspot
  -s string
    	Styling: css file name (default "style.css")
  -v	display Version information
  -w int
    	number of Workspaces you use (default 10)
  -x	set eXclusive zone: move other windows aside; overrides the "-l" argument

Usage of signals:
 SIGRTMIN+1 (signal 35): toggle dock visibility (USR1 has been deprecated)
 SIGRTMIN+2 (signal 36): show the dock
 SIGRTMIN+3 (signal 37): hide the dock
